Log file opened on Tue Jun 29 16:46:10 2021
Host: meco  pid: 10117  rank ID: 0  number of ranks:  1
                   :-) GROMACS - gmx mdrun, VERSION 5.1.4 (-:

                            GROMACS is written by:
     Emile Apol      Rossen Apostolov  Herman J.C. Berendsen    Par Bjelkmar   
 Aldert van Buuren   Rudi van Drunen     Anton Feenstra   Sebastian Fritsch 
  Gerrit Groenhof   Christoph Junghans   Anca Hamuraru    Vincent Hindriksen
 Dimitrios Karkoulis    Peter Kasson        Jiri Kraus      Carsten Kutzner  
    Per Larsson      Justin A. Lemkul   Magnus Lundborg   Pieter Meulenhoff 
   Erik Marklund      Teemu Murtola       Szilard Pall       Sander Pronk   
   Roland Schulz     Alexey Shvetsov     Michael Shirts     Alfons Sijbers  
   Peter Tieleman    Teemu Virolainen  Christian Wennberg    Maarten Wolf   
                           and the project leaders:
        Mark Abraham, Berk Hess, Erik Lindahl, and David van der Spoel

Copyright (c) 1991-2000, University of Groningen, The Netherlands.
Copyright (c) 2001-2015, The GROMACS development team at
Uppsala University, Stockholm University and
the Royal Institute of Technology, Sweden.
check out http://www.gromacs.org for more information.

GROMACS is free software; you can redistribute it and/or modify it
under the terms of the GNU Lesser General Public License
as published by the Free Software Foundation; either version 2.1
of the License, or (at your option) any later version.

GROMACS:      gmx mdrun, VERSION 5.1.4
Executable:   /usr/local/gromacs/bin//gmx
Data prefix:  /usr/local/gromacs
Command line:
  gmx mdrun -v -deffnm step4.0_minimization

GROMACS version:    VERSION 5.1.4
Precision:          single
Memory model:       64 bit
MPI library:        thread_mpi
OpenMP support:     enabled (GMX_OPENMP_MAX_THREADS = 32)
GPU support:        disabled
OpenCL support:     disabled
invsqrt routine:    gmx_software_invsqrt(x)
SIMD instructions:  AVX2_256
FFT library:        fftw-3.3.8-sse2-avx
RDTSCP usage:       enabled
C++11 compilation:  enabled
TNG support:        enabled
Tracing support:    disabled
Built on:           Thu 13 May 2021 10:06:32 PM -05
Built by:           meco@meco [CMAKE]
Build OS/arch:      Linux 5.8.0-53-generic x86_64
Build CPU vendor:   GenuineIntel
Build CPU brand:    Intel(R) Core(TM) i7-4810MQ CPU @ 2.80GHz
Build CPU family:   6   Model: 60   Stepping: 3
Build CPU features: aes apic avx avx2 clfsh cmov cx8 cx16 f16c fma htt lahf_lm mmx msr nonstop_tsc pcid pclmuldq pdcm pdpe1gb popcnt pse rdrnd rdtscp sse2 sse3 sse4.1 sse4.2 ssse3 tdt x2apic
C compiler:         /usr/bin/cc GNU 9.3.0
C compiler flags:    -march=core-avx2    -Wundef -Wextra -Wno-missing-field-initializers -Wno-sign-compare -Wpointer-arith -Wall -Wno-unused -Wunused-value -Wunused-parameter  -O3 -DNDEBUG -funroll-all-loops -fexcess-precision=fast  -Wno-array-bounds 
C++ compiler:       /usr/bin/c++ GNU 9.3.0
C++ compiler flags:  -march=core-avx2   -std=c++0x  -Wundef -Wextra -Wno-missing-field-initializers -Wpointer-arith -Wall -Wno-unused-function  -O3 -DNDEBUG -funroll-all-loops -fexcess-precision=fast  -Wno-array-bounds 
Boost version:      1.55.0 (internal)


Running on 1 node with total 4 cores, 8 logical cores
Hardware detected:
  CPU info:
    Vendor: GenuineIntel
    Brand:  Intel(R) Core(TM) i7-4810MQ CPU @ 2.80GHz
    Family:  6  model: 60  stepping:  3
    CPU features: aes apic avx avx2 clfsh cmov cx8 cx16 f16c fma htt lahf_lm mmx msr nonstop_tsc pcid pclmuldq pdcm pdpe1gb popcnt pse rdrnd rdtscp sse2 sse3 sse4.1 sse4.2 ssse3 tdt x2apic
    SIMD instructions most likely to fit this hardware: AVX2_256
    SIMD instructions selected at GROMACS compile time: AVX2_256


++++ PLEASE READ AND CITE THE FOLLOWING REFERENCE ++++
M. J. Abraham, T. Murtola, R. Schulz, S. Páll, J. C. Smith, B. Hess, E.
Lindahl
GROMACS: High performance molecular simulations through multi-level
parallelism from laptops to supercomputers
SoftwareX 1 (2015) pp. 19-25
-------- -------- --- Thank You --- -------- --------


++++ PLEASE READ AND CITE THE FOLLOWING REFERENCE ++++
S. Páll, M. J. Abraham, C. Kutzner, B. Hess, E. Lindahl
Tackling Exascale Software Challenges in Molecular Dynamics Simulations with
GROMACS
In S. Markidis & E. Laure (Eds.), Solving Software Challenges for Exascale 8759 (2015) pp. 3-27
-------- -------- --- Thank You --- -------- --------


++++ PLEASE READ AND CITE THE FOLLOWING REFERENCE ++++
S. Pronk, S. Páll, R. Schulz, P. Larsson, P. Bjelkmar, R. Apostolov, M. R.
Shirts, J. C. Smith, P. M. Kasson, D. van der Spoel, B. Hess, and E. Lindahl
GROMACS 4.5: a high-throughput and highly parallel open source molecular
simulation toolkit
Bioinformatics 29 (2013) pp. 845-54
-------- -------- --- Thank You --- -------- --------


++++ PLEASE READ AND CITE THE FOLLOWING REFERENCE ++++
B. Hess and C. Kutzner and D. van der Spoel and E. Lindahl
GROMACS 4: Algorithms for highly efficient, load-balanced, and scalable
molecular simulation
J. Chem. Theory Comput. 4 (2008) pp. 435-447
-------- -------- --- Thank You --- -------- --------


++++ PLEASE READ AND CITE THE FOLLOWING REFERENCE ++++
D. van der Spoel, E. Lindahl, B. Hess, G. Groenhof, A. E. Mark and H. J. C.
Berendsen
GROMACS: Fast, Flexible and Free
J. Comp. Chem. 26 (2005) pp. 1701-1719
-------- -------- --- Thank You --- -------- --------


++++ PLEASE READ AND CITE THE FOLLOWING REFERENCE ++++
E. Lindahl and B. Hess and D. van der Spoel
GROMACS 3.0: A package for molecular simulation and trajectory analysis
J. Mol. Mod. 7 (2001) pp. 306-317
-------- -------- --- Thank You --- -------- --------


++++ PLEASE READ AND CITE THE FOLLOWING REFERENCE ++++
H. J. C. Berendsen, D. van der Spoel and R. van Drunen
GROMACS: A message-passing parallel molecular dynamics implementation
Comp. Phys. Comm. 91 (1995) pp. 43-56
-------- -------- --- Thank You --- -------- --------

Input Parameters:
   integrator                     = steep
   tinit                          = 0
   dt                             = 0.001
   nsteps                         = 5000
   init-step                      = 0
   simulation-part                = 1
   comm-mode                      = Linear
   nstcomm                        = 100
   bd-fric                        = 0
   ld-seed                        = 327693075
   emtol                          = 1000
   emstep                         = 0.01
   niter                          = 20
   fcstep                         = 0
   nstcgsteep                     = 1000
   nbfgscorr                      = 10
   rtpi                           = 0.05
   nstxout                        = 0
   nstvout                        = 0
   nstfout                        = 0
   nstlog                         = 1000
   nstcalcenergy                  = 100
   nstenergy                      = 1000
   nstxout-compressed             = 0
   compressed-x-precision         = 1000
   cutoff-scheme                  = Verlet
   nstlist                        = 10
   ns-type                        = Grid
   pbc                            = xyz
   periodic-molecules             = FALSE
   verlet-buffer-tolerance        = 0.005
   rlist                          = 1.26
   rlistlong                      = 1.26
   nstcalclr                      = 10
   coulombtype                    = PME
   coulomb-modifier               = Potential-shift
   rcoulomb-switch                = 0
   rcoulomb                       = 1.2
   epsilon-r                      = 1
   epsilon-rf                     = inf
   vdw-type                       = Cut-off
   vdw-modifier                   = Force-switch
   rvdw-switch                    = 1
   rvdw                           = 1.2
   DispCorr                       = No
   table-extension                = 1
   fourierspacing                 = 0.12
   fourier-nx                     = 60
   fourier-ny                     = 60
   fourier-nz                     = 60
   pme-order                      = 4
   ewald-rtol                     = 1e-05
   ewald-rtol-lj                  = 0.001
   lj-pme-comb-rule               = Geometric
   ewald-geometry                 = 0
   epsilon-surface                = 0
   implicit-solvent               = No
   gb-algorithm                   = Still
   nstgbradii                     = 1
   rgbradii                       = 1
   gb-epsilon-solvent             = 80
   gb-saltconc                    = 0
   gb-obc-alpha                   = 1
   gb-obc-beta                    = 0.8
   gb-obc-gamma                   = 4.85
   gb-dielectric-offset           = 0.009
   sa-algorithm                   = Ace-approximation
   sa-surface-tension             = 2.05016
   tcoupl                         = No
   nsttcouple                     = -1
   nh-chain-length                = 0
   print-nose-hoover-chain-variables = FALSE
   pcoupl                         = No
   pcoupltype                     = Isotropic
   nstpcouple                     = -1
   tau-p                          = 1
   compressibility (3x3):
      compressibility[    0]={ 0.00000e+00,  0.00000e+00,  0.00000e+00}
      compressibility[    1]={ 0.00000e+00,  0.00000e+00,  0.00000e+00}
      compressibility[    2]={ 0.00000e+00,  0.00000e+00,  0.00000e+00}
   ref-p (3x3):
      ref-p[    0]={ 0.00000e+00,  0.00000e+00,  0.00000e+00}
      ref-p[    1]={ 0.00000e+00,  0.00000e+00,  0.00000e+00}
      ref-p[    2]={ 0.00000e+00,  0.00000e+00,  0.00000e+00}
   refcoord-scaling               = No
   posres-com (3):
      posres-com[0]= 0.00000e+00
      posres-com[1]= 0.00000e+00
      posres-com[2]= 0.00000e+00
   posres-comB (3):
      posres-comB[0]= 0.00000e+00
      posres-comB[1]= 0.00000e+00
      posres-comB[2]= 0.00000e+00
   QMMM                           = FALSE
   QMconstraints                  = 0
   QMMMscheme                     = 0
   MMChargeScaleFactor            = 1
qm-opts:
   ngQM                           = 0
   constraint-algorithm           = Lincs
   continuation                   = FALSE
   Shake-SOR                      = FALSE
   shake-tol                      = 0.0001
   lincs-order                    = 4
   lincs-iter                     = 1
   lincs-warnangle                = 30
   nwall                          = 0
   wall-type                      = 9-3
   wall-r-linpot                  = -1
   wall-atomtype[0]               = -1
   wall-atomtype[1]               = -1
   wall-density[0]                = 0
   wall-density[1]                = 0
   wall-ewald-zfac                = 3
   pull                           = FALSE
   rotation                       = FALSE
   interactiveMD                  = FALSE
   disre                          = No
   disre-weighting                = Conservative
   disre-mixed                    = FALSE
   dr-fc                          = 1000
   dr-tau                         = 0
   nstdisreout                    = 100
   orire-fc                       = 0
   orire-tau                      = 0
   nstorireout                    = 100
   free-energy                    = no
   cos-acceleration               = 0
   deform (3x3):
      deform[    0]={ 0.00000e+00,  0.00000e+00,  0.00000e+00}
      deform[    1]={ 0.00000e+00,  0.00000e+00,  0.00000e+00}
      deform[    2]={ 0.00000e+00,  0.00000e+00,  0.00000e+00}
   simulated-tempering            = FALSE
   E-x:
      n = 0
   E-xt:
      n = 0
   E-y:
      n = 0
   E-yt:
      n = 0
   E-z:
      n = 0
   E-zt:
      n = 0
   swapcoords                     = no
   adress                         = FALSE
   userint1                       = 0
   userint2                       = 0
   userint3                       = 0
   userint4                       = 0
   userreal1                      = 0
   userreal2                      = 0
   userreal3                      = 0
   userreal4                      = 0
grpopts:
   nrdf:       67625
   ref-t:           0
   tau-t:           0
annealing:          No
annealing-npoints:           0
   acc:	           0           0           0
   nfreeze:           N           N           N
   energygrp-flags[  0]: 0

Using 1 MPI thread
Using 8 OpenMP threads 

Will do PME sum in reciprocal space for electrostatic interactions.

++++ PLEASE READ AND CITE THE FOLLOWING REFERENCE ++++
U. Essmann, L. Perera, M. L. Berkowitz, T. Darden, H. Lee and L. G. Pedersen 
A smooth particle mesh Ewald method
J. Chem. Phys. 103 (1995) pp. 8577-8592
-------- -------- --- Thank You --- -------- --------

Will do ordinary reciprocal space Ewald sum.
Using a Gaussian width (1/beta) of 0.384195 nm for Ewald
Cut-off's:   NS: 1.26   Coulomb: 1.2   LJ: 1.2
System total charge: 0.000
Generated table with 1130 data points for Ewald.
Tabscale = 500 points/nm
Generated table with 1130 data points for LJ6Shift.
Tabscale = 500 points/nm
Generated table with 1130 data points for LJ12Shift.
Tabscale = 500 points/nm
Generated table with 1130 data points for 1-4 COUL.
Tabscale = 500 points/nm
Generated table with 1130 data points for 1-4 LJ6.
Tabscale = 500 points/nm
Generated table with 1130 data points for 1-4 LJ12.
Tabscale = 500 points/nm
Potential shift: LJ r^-12: -2.648e-01 r^-6: -5.349e-01, Ewald -1.000e-05
Initialized non-bonded Ewald correction tables, spacing: 1.02e-03 size: 1176


Using AVX2_256 4x8 non-bonded kernels

Removing pbc first time
Pinning threads with an auto-selected logical core stride of 1

Initializing LINear Constraint Solver

++++ PLEASE READ AND CITE THE FOLLOWING REFERENCE ++++
B. Hess and H. Bekker and H. J. C. Berendsen and J. G. E. M. Fraaije
LINCS: A Linear Constraint Solver for molecular simulations
J. Comp. Chem. 18 (1997) pp. 1463-1472
-------- -------- --- Thank You --- -------- --------

The number of constraints is 1294

++++ PLEASE READ AND CITE THE FOLLOWING REFERENCE ++++
S. Miyamoto and P. A. Kollman
SETTLE: An Analytical Version of the SHAKE and RATTLE Algorithms for Rigid
Water Models
J. Comp. Chem. 13 (1992) pp. 952-962
-------- -------- --- Thank You --- -------- --------

Initiating Steepest Descents
   Rel. Constraint Deviation:  RMS         MAX     between atoms
       Before LINCS          0.006453    0.039667    458    459
        After LINCS          0.000002    0.000008   2400   2403

Started Steepest Descents on rank 0 Tue Jun 29 16:46:12 2021

Steepest Descents:
   Tolerance (Fmax)   =  1.00000e+03
   Number of steps    =         5000
           Step           Time         Lambda
              0        0.00000        0.00000

   Energies (kJ/mol)
           Bond            U-B    Proper Dih.  Improper Dih.      CMAP Dih.
    2.14654e+03    2.58461e+03    6.81324e+03    1.51075e+02   -2.48089e+02
          LJ-14     Coulomb-14        LJ (SR)   Coulomb (SR)   Coul. recip.
    2.21778e+03    3.55454e+04    5.23702e+04   -6.03633e+05    4.40426e+03
 Position Rest.      Potential Pressure (bar)   Constr. rmsd
    1.20876e-02   -4.97648e+05   -2.11932e+04    1.78891e-06

           Step           Time         Lambda
              1        1.00000        0.00000

   Energies (kJ/mol)
           Bond            U-B    Proper Dih.  Improper Dih.      CMAP Dih.
    1.08027e+03    2.63913e+03    6.77976e+03    1.35432e+02   -2.95166e+02
          LJ-14     Coulomb-14        LJ (SR)   Coulomb (SR)   Coul. recip.
    2.14931e+03    3.54770e+04    5.19252e+04   -6.03577e+05    4.36407e+03
 Position Rest.      Potential Pressure (bar)   Constr. rmsd
    4.93537e-01   -4.99321e+05   -2.11678e+04    1.87361e-06

           Step           Time         Lambda
              2        2.00000        0.00000

           Step           Time         Lambda
              3        3.00000        0.00000

   Energies (kJ/mol)
           Bond            U-B    Proper Dih.  Improper Dih.      CMAP Dih.
    1.08220e+03    2.44924e+03    6.75607e+03    1.37155e+02   -3.19136e+02
          LJ-14     Coulomb-14        LJ (SR)   Coulomb (SR)   Coul. recip.
    2.11964e+03    3.54803e+04    5.15644e+04   -6.03566e+05    4.34271e+03
 Position Rest.      Potential Pressure (bar)   Constr. rmsd
    6.68520e-01   -4.99953e+05   -2.11063e+04    1.81335e-06

           Step           Time         Lambda
              4        4.00000        0.00000

   Energies (kJ/mol)
           Bond            U-B    Proper Dih.  Improper Dih.      CMAP Dih.
    1.03371e+03    2.49702e+03    6.74262e+03    1.44826e+02   -3.34544e+02
          LJ-14     Coulomb-14        LJ (SR)   Coulomb (SR)   Coul. recip.
    2.08755e+03    3.54333e+04    5.13037e+04   -6.03479e+05    4.30246e+03
 Position Rest.      Potential Pressure (bar)   Constr. rmsd
    1.29642e+00   -5.00267e+05   -2.11128e+04    1.87244e-06

           Step           Time         Lambda
              5        5.00000        0.00000

   Energies (kJ/mol)
           Bond            U-B    Proper Dih.  Improper Dih.      CMAP Dih.
    1.03615e+03    2.43460e+03    6.73391e+03    1.46205e+02   -3.37784e+02
          LJ-14     Coulomb-14        LJ (SR)   Coulomb (SR)   Coul. recip.
    2.07812e+03    3.54593e+04    5.11194e+04   -6.03484e+05    4.29485e+03
 Position Rest.      Potential Pressure (bar)   Constr. rmsd
    1.30501e+00   -5.00518e+05   -2.10728e+04    1.83513e-06

           Step           Time         Lambda
              6        6.00000        0.00000

   Energies (kJ/mol)
           Bond            U-B    Proper Dih.  Improper Dih.      CMAP Dih.
    1.24376e+03    2.44095e+03    6.72518e+03    1.48306e+02   -3.46339e+02
          LJ-14     Coulomb-14        LJ (SR)   Coulomb (SR)   Coul. recip.
    2.05317e+03    3.54060e+04    5.09005e+04   -6.03388e+05    4.25492e+03
 Position Rest.      Potential Pressure (bar)   Constr. rmsd
    2.02531e+00   -5.00560e+05   -2.11043e+04    1.75577e-06

           Step           Time         Lambda
              7        7.00000        0.00000

   Energies (kJ/mol)
           Bond            U-B    Proper Dih.  Improper Dih.      CMAP Dih.
    1.19672e+03    2.44119e+03    6.71973e+03    1.50137e+02   -3.46870e+02
          LJ-14     Coulomb-14        LJ (SR)   Coulomb (SR)   Coul. recip.
    2.04965e+03    3.54462e+04    5.07642e+04   -6.03418e+05    4.25589e+03
 Position Rest.      Potential Pressure (bar)   Constr. rmsd
    1.93787e+00   -5.00739e+05   -2.10586e+04    1.80234e-06

           Step           Time         Lambda
              8        8.00000        0.00000

           Step           Time         Lambda
              9        9.00000        0.00000

   Energies (kJ/mol)
           Bond            U-B    Proper Dih.  Improper Dih.      CMAP Dih.
    7.75493e+02    2.35237e+03    6.71622e+03    1.49259e+02   -3.50474e+02
          LJ-14     Coulomb-14        LJ (SR)   Coulomb (SR)   Coul. recip.
    2.03665e+03    3.54136e+04    5.06664e+04   -6.03364e+05    4.23444e+03
 Position Rest.      Potential Pressure (bar)   Constr. rmsd
    2.15438e+00   -5.01367e+05   -2.10840e+04    1.73030e-06

           Step           Time         Lambda
             10       10.00000        0.00000

           Step           Time         Lambda
             11       11.00000        0.00000

   Energies (kJ/mol)
           Bond            U-B    Proper Dih.  Improper Dih.      CMAP Dih.
    8.24977e+02    2.35344e+03    6.70789e+03    1.51242e+02   -3.54614e+02
          LJ-14     Coulomb-14        LJ (SR)   Coulomb (SR)   Coul. recip.
    2.02098e+03    3.54158e+04    5.04259e+04   -6.03336e+05    4.21131e+03
 Position Rest.      Potential Pressure (bar)   Constr. rmsd
    2.57078e+00   -5.01576e+05   -2.10694e+04    1.80665e-06

           Step           Time         Lambda
             12       12.00000        0.00000

   Energies (kJ/mol)
           Bond            U-B    Proper Dih.  Improper Dih.      CMAP Dih.
    7.99525e+02    2.31594e+03    6.70425e+03    1.50390e+02   -3.56999e+02
          LJ-14     Coulomb-14        LJ (SR)   Coulomb (SR)   Coul. recip.
    2.00989e+03    3.53922e+04    5.03151e+04   -6.03294e+05    4.19188e+03
 Position Rest.      Potential Pressure (bar)   Constr. rmsd
    2.90793e+00   -5.01769e+05   -2.10859e+04    1.69932e-06

           Step           Time         Lambda
             13       13.00000        0.00000

   Energies (kJ/mol)
           Bond            U-B    Proper Dih.  Improper Dih.      CMAP Dih.
    8.75469e+02    2.33862e+03    6.69937e+03    1.51487e+02   -3.58365e+02
          LJ-14     Coulomb-14        LJ (SR)   Coulomb (SR)   Coul. recip.
    2.00294e+03    3.54054e+04    5.01617e+04   -6.03298e+05    4.18108e+03
 Position Rest.      Potential Pressure (bar)   Constr. rmsd
    3.15880e+00   -5.01838e+05   -2.10681e+04    1.73408e-06

           Step           Time         Lambda
             14       14.00000        0.00000

   Energies (kJ/mol)
           Bond            U-B    Proper Dih.  Improper Dih.      CMAP Dih.
    8.75418e+02    2.29647e+03    6.69588e+03    1.50358e+02   -3.60828e+02
          LJ-14     Coulomb-14        LJ (SR)   Coulomb (SR)   Coul. recip.
    1.99079e+03    3.53745e+04    5.00525e+04   -6.03252e+05    4.15906e+03
 Position Rest.      Potential Pressure (bar)   Constr. rmsd
    3.57379e+00   -5.02015e+05   -2.10908e+04    1.75532e-06

           Step           Time         Lambda
             15       15.00000        0.00000

           Step           Time         Lambda
             16       16.00000        0.00000

   Energies (kJ/mol)
           Bond            U-B    Proper Dih.  Improper Dih.      CMAP Dih.
    7.28283e+02    2.29045e+03    6.69409e+03    1.50794e+02   -3.61123e+02
          LJ-14     Coulomb-14        LJ (SR)   Coulomb (SR)   Coul. recip.
    1.98927e+03    3.53866e+04    4.99951e+04   -6.03267e+05    4.15726e+03
 Position Rest.      Potential Pressure (bar)   Constr. rmsd
    3.58215e+00   -5.02232e+05   -2.10787e+04    1.71600e-06

           Step           Time         Lambda
             17       17.00000        0.00000

   Energies (kJ/mol)
           Bond            U-B    Proper Dih.  Improper Dih.      CMAP Dih.
    9.45659e+02    2.27551e+03    6.68563e+03    1.50334e+02   -3.65215e+02
          LJ-14     Coulomb-14        LJ (SR)   Coulomb (SR)   Coul. recip.
    1.96766e+03    3.53546e+04    4.97175e+04   -6.03222e+05    4.11710e+03
 Position Rest.      Potential Pressure (bar)   Constr. rmsd
    4.52799e+00   -5.02369e+05   -2.10960e+04    1.78920e-06

           Step           Time         Lambda
             18       18.00000        0.00000

   Energies (kJ/mol)
           Bond            U-B    Proper Dih.  Improper Dih.      CMAP Dih.
    7.39940e+02    2.27084e+03    6.68412e+03    1.50754e+02   -3.65145e+02
          LJ-14     Coulomb-14        LJ (SR)   Coulomb (SR)   Coul. recip.
    1.96787e+03    3.53732e+04    4.96671e+04   -6.03250e+05    4.11805e+03
 Position Rest.      Potential Pressure (bar)   Constr. rmsd
    4.49319e+00   -5.02639e+05   -2.10796e+04    1.71211e-06

           Step           Time         Lambda
             19       19.00000        0.00000

           Step           Time         Lambda
             20       20.00000        0.00000

   Energies (kJ/mol)
           Bond            U-B    Proper Dih.  Improper Dih.      CMAP Dih.
    7.63765e+02    2.25240e+03    6.68142e+03    1.50150e+02   -3.66590e+02
          LJ-14     Coulomb-14        LJ (SR)   Coulomb (SR)   Coul. recip.
    1.95976e+03    3.53563e+04    4.95812e+04   -6.03236e+05    4.10296e+03
 Position Rest.      Potential Pressure (bar)   Constr. rmsd
    4.83507e+00   -5.02750e+05   -2.10908e+04    1.70516e-06

           Step           Time         Lambda
             21       21.00000        0.00000

   Energies (kJ/mol)
           Bond            U-B    Proper Dih.  Improper Dih.      CMAP Dih.
    7.61243e+02    2.26470e+03    6.67902e+03    1.50467e+02   -3.66957e+02
          LJ-14     Coulomb-14        LJ (SR)   Coulomb (SR)   Coul. recip.
    1.95727e+03    3.53671e+04    4.94994e+04   -6.03260e+05    4.09780e+03
 Position Rest.      Potential Pressure (bar)   Constr. rmsd
    5.02018e+00   -5.02845e+05   -2.10805e+04    1.71324e-06

           Step           Time         Lambda
             22       22.00000        0.00000

   Energies (kJ/mol)
           Bond            U-B    Proper Dih.  Improper Dih.      CMAP Dih.
    8.10386e+02    2.24387e+03    6.67635e+03    1.49680e+02   -3.68479e+02
          LJ-14     Coulomb-14        LJ (SR)   Coulomb (SR)   Coul. recip.
    1.94833e+03    3.53448e+04    4.94161e+04   -6.03245e+05    4.08103e+03
 Position Rest.      Potential Pressure (bar)   Constr. rmsd
    5.41230e+00   -5.02938e+05   -2.10957e+04    1.73426e-06

           Step           Time         Lambda
             23       23.00000        0.00000

   Energies (kJ/mol)
           Bond            U-B    Proper Dih.  Improper Dih.      CMAP Dih.
    8.10753e+02    2.26532e+03    6.67443e+03    1.50222e+02   -3.68488e+02
          LJ-14     Coulomb-14        LJ (SR)   Coulomb (SR)   Coul. recip.
    1.94804e+03    3.53627e+04    4.93479e+04   -6.03281e+05    4.07960e+03
 Position Rest.      Potential Pressure (bar)   Constr. rmsd
    5.54473e+00   -5.03005e+05   -2.10808e+04    1.77620e-06

           Step           Time         Lambda
             24       24.00000        0.00000

   Energies (kJ/mol)
           Bond            U-B    Proper Dih.  Improper Dih.      CMAP Dih.
    9.05273e+02    2.24208e+03    6.67178e+03    1.49188e+02   -3.70126e+02
          LJ-14     Coulomb-14        LJ (SR)   Coulomb (SR)   Coul. recip.
    1.93785e+03    3.53328e+04    4.92672e+04   -6.03262e+05    4.06039e+03
 Position Rest.      Potential Pressure (bar)   Constr. rmsd
    6.00094e+00   -5.03059e+05   -2.11016e+04    1.68719e-06

           Step           Time         Lambda
             25       25.00000        0.00000

   Energies (kJ/mol)
           Bond            U-B    Proper Dih.  Improper Dih.      CMAP Dih.
    9.18035e+02    2.27688e+03    6.67032e+03    1.50059e+02   -3.69746e+02
          LJ-14     Coulomb-14        LJ (SR)   Coulomb (SR)   Coul. recip.
    1.94019e+03    3.53605e+04    4.92105e+04   -6.03312e+05    4.06338e+03
 Position Rest.      Potential Pressure (bar)   Constr. rmsd
    6.07364e+00   -5.03086e+05   -2.10801e+04    1.74803e-06

           Step           Time         Lambda
             26       26.00000        0.00000

           Step           Time         Lambda
             27       27.00000        0.00000

   Energies (kJ/mol)
           Bond            U-B    Proper Dih.  Improper Dih.      CMAP Dih.
    7.13825e+02    2.22533e+03    6.66886e+03    1.49111e+02   -3.71013e+02
          LJ-14     Coulomb-14        LJ (SR)   Coulomb (SR)   Coul. recip.
    1.93338e+03    3.53400e+04    4.91704e+04   -6.03298e+05    4.05172e+03
 Position Rest.      Potential Pressure (bar)   Constr. rmsd
    6.25414e+00   -5.03410e+05   -2.10947e+04    1.72551e-06


Steepest Descents converged to Fmax < 1000 in 28 steps
Potential Energy  = -5.0341028e+05
Maximum force     =  7.7218317e+02 on atom 1660
Norm of force     =  4.5578285e+01

	M E G A - F L O P S   A C C O U N T I N G

 NB=Group-cutoff nonbonded kernels    NxN=N-by-N cluster Verlet kernels
 RF=Reaction-Field  VdW=Van der Waals  QSTab=quadratic-spline table
 W3=SPC/TIP3p  W4=TIP4p (single or pairs)
 V&F=Potential and force  V=Potential only  F=Force only

 Computing:                               M-Number         M-Flops  % Flops
-----------------------------------------------------------------------------
 NB VdW [V&F]                             0.135744           0.136     0.0
 Pair Search distance check             468.049908        4212.449     4.4
 NxN Ewald Elec. + LJ [V&F]             685.679728       88452.685    92.3
 NxN Ewald Elec. [V&F]                    6.530320         548.547     0.6
 1,4 nonbonded interactions               0.195132          17.562     0.0
 Calc Weights                             2.779476         100.061     0.1
 Spread Q Bspline                        59.295488         118.591     0.1
 Gather F Bspline                        59.295488         355.773     0.4
 3D-FFT                                 214.349240        1714.794     1.8
 Solve PME                                0.100800           6.451     0.0
 Shift-X                                  0.926492           5.559     0.0
 Bonds                                    0.039312           2.319     0.0
 Propers                                  0.189504          43.396     0.0
 Impropers                                0.013104           2.726     0.0
 Pos. Restr.                              0.038500           1.925     0.0
 Virial                                   0.927752          16.700     0.0
 Lincs                                    0.072464           4.348     0.0
 Lincs-Mat                                0.379008           1.516     0.0
 Constraint-Vir                           0.036232           0.870     0.0
 Settle                                   0.566440         182.960     0.2
 (null)                                   0.005124           0.000     0.0
-----------------------------------------------------------------------------
 Total                                                   95789.367   100.0
-----------------------------------------------------------------------------


     R E A L   C Y C L E   A N D   T I M E   A C C O U N T I N G

On 1 MPI rank, each using 8 OpenMP threads

 Computing:          Num   Num      Call    Wall time         Giga-Cycles
                     Ranks Threads  Count      (s)         total sum    %
-----------------------------------------------------------------------------
 Neighbor search        1    8         28       0.437         19.533  11.4
 Force                  1    8         28       0.808         36.123  21.0
 PME mesh               1    8         28       0.305         13.628   7.9
 NB X/F buffer ops.     1    8         28       0.121          5.421   3.2
 Constraints            1    8         55       0.120          5.364   3.1
 Rest                                           2.051         91.660  53.4
-----------------------------------------------------------------------------
 Total                                          3.842        171.729 100.0
-----------------------------------------------------------------------------
 Breakdown of PME mesh computation
-----------------------------------------------------------------------------
 PME spread/gather      1    8         56       0.213          9.500   5.5
 PME 3D-FFT             1    8         56       0.072          3.228   1.9
 PME solve Elec         1    8         28       0.004          0.182   0.1
-----------------------------------------------------------------------------

NOTE: 11 % of the run time was spent in pair search,
      you might want to increase nstlist (this has no effect on accuracy)


               Core t (s)   Wall t (s)        (%)
       Time:       14.164        3.842      368.6
               (steps/hour)
Performance:        26235.3
Finished mdrun on rank 0 Tue Jun 29 16:46:15 2021
